[ 2018-04-19T09:30:30+08:00 ] 127.0.0.1 /index.php/home/download/index.html
INFO: [ app_init ] --START--
INFO: Run Behavior\BuildLiteBehavior [ RunTime:0.000325s ]
INFO: [ app_init ] --END-- [ RunTime:0.022628s ]
INFO: [ app_begin ] --START--
INFO: Run Behavior\ReadHtmlCacheBehavior [ RunTime:0.030367s ]
INFO: Run Behavior\CheckLangBehavior [ RunTime:0.082306s ]
INFO: [ app_begin ] --END-- [ RunTime:0.116510s ]
NOTIC: [8] Undefined index: name F:\phpstudy\WWW\du\Application\Home\Controller\DownloadController.class.php 第 6 行.

[ 2018-04-19T09:30:30+08:00 ] 127.0.0.1 /index.php/home/login/index.html
INFO: [ app_init ] --START--
INFO: Run Behavior\BuildLiteBehavior [ RunTime:0.000322s ]
INFO: [ app_init ] --END-- [ RunTime:0.002923s ]
INFO: [ app_begin ] --START--
INFO: Run Behavior\ReadHtmlCacheBehavior [ RunTime:0.001541s ]
INFO: Run Behavior\CheckLangBehavior [ RunTime:0.006646s ]
INFO: [ app_begin ] --END-- [ RunTime:0.010723s ]
INFO: [ view_parse ] --START--
INFO: [ template_filter ] --START--
INFO: Run Behavior\ContentReplaceBehavior [ RunTime:0.015469s ]
INFO: [ template_filter ] --END-- [ RunTime:0.017379s ]
NOTIC: [8] Undefined index: name F:\phpstudy\WWW\du\Application\Runtime\Cache\Home\5b6adcb62ad2b5dfc2abc2cd5e11dc99.php 第 73 行.
NOTIC: [8] Undefined index: name F:\phpstudy\WWW\du\Application\Runtime\Cache\Home\5b6adcb62ad2b5dfc2abc2cd5e11dc99.php 第 124 行.
INFO: Run Behavior\ParseTemplateBehavior [ RunTime:0.316935s ]
INFO: [ view_parse ] --END-- [ RunTime:0.319712s ]
INFO: [ view_filter ] --START--
INFO: Run Behavior\WriteHtmlCacheBehavior [ RunTime:0.017616s ]
INFO: [ view_filter ] --END-- [ RunTime:0.020502s ]
INFO: [ app_end ] --START--
INFO: Run Behavior\ShowPageTraceBehavior [ RunTime:0.019937s ]
INFO: [ app_end ] --END-- [ RunTime:0.024177s ]

[ 2018-04-19T09:30:33+08:00 ] 127.0.0.1 /index.php/Home/Register/yanzhengma.html
INFO: [ app_init ] --START--
INFO: Run Behavior\BuildLiteBehavior [ RunTime:0.000557s ]
INFO: [ app_init ] --END-- [ RunTime:0.004505s ]
INFO: [ app_begin ] --START--
INFO: Run Behavior\ReadHtmlCacheBehavior [ RunTime:0.005422s ]
INFO: Run Behavior\CheckLangBehavior [ RunTime:0.053098s ]
INFO: [ app_begin ] --END-- [ RunTime:0.064383s ]
INFO: [ app_end ] --START--
INFO: Run Behavior\ShowPageTraceBehavior [ RunTime:0.001709s ]
INFO: [ app_end ] --END-- [ RunTime:0.004830s ]

[ 2018-04-19T09:30:37+08:00 ] 127.0.0.1 /index.php/home/download/index.html
INFO: [ app_init ] --START--
INFO: Run Behavior\BuildLiteBehavior [ RunTime:0.000618s ]
INFO: [ app_init ] --END-- [ RunTime:0.003964s ]
INFO: [ app_begin ] --START--
INFO: Run Behavior\ReadHtmlCacheBehavior [ RunTime:0.001557s ]
INFO: Run Behavior\CheckLangBehavior [ RunTime:0.009726s ]
INFO: [ app_begin ] --END-- [ RunTime:0.015724s ]
NOTIC: [8] Undefined index: name F:\phpstudy\WWW\du\Application\Home\Controller\DownloadController.class.php 第 6 行.

[ 2018-04-19T09:30:37+08:00 ] 127.0.0.1 /index.php/home/download/index.html
INFO: [ app_init ] --START--
INFO: Run Behavior\BuildLiteBehavior [ RunTime:0.000478s ]
INFO: [ app_init ] --END-- [ RunTime:0.004093s ]
INFO: [ app_begin ] --START--
INFO: Run Behavior\ReadHtmlCacheBehavior [ RunTime:0.002380s ]
INFO: Run Behavior\CheckLangBehavior [ RunTime:0.010060s ]
INFO: [ app_begin ] --END-- [ RunTime:0.016795s ]
NOTIC: [8] Undefined index: name F:\phpstudy\WWW\du\Application\Home\Controller\DownloadController.class.php 第 6 行.

[ 2018-04-19T09:30:38+08:00 ] 127.0.0.1 /index.php/home/login/index.html
INFO: [ app_init ] --START--
INFO: Run Behavior\BuildLiteBehavior [ RunTime:0.000564s ]
INFO: [ app_init ] --END-- [ RunTime:0.003653s ]
INFO: [ app_begin ] --START--
INFO: Run Behavior\ReadHtmlCacheBehavior [ RunTime:0.001518s ]
INFO: Run Behavior\CheckLangBehavior [ RunTime:0.006919s ]
INFO: [ app_begin ] --END-- [ RunTime:0.010917s ]
INFO: [ view_parse ] --START--
INFO: [ template_filter ] --START--
INFO: Run Behavior\ContentReplaceBehavior [ RunTime:0.001317s ]
INFO: [ template_filter ] --END-- [ RunTime:0.002996s ]
NOTIC: [8] Undefined index: name F:\phpstudy\WWW\du\Application\Runtime\Cache\Home\5b6adcb62ad2b5dfc2abc2cd5e11dc99.php 第 73 行.
NOTIC: [8] Undefined index: name F:\phpstudy\WWW\du\Application\Runtime\Cache\Home\5b6adcb62ad2b5dfc2abc2cd5e11dc99.php 第 124 行.
INFO: Run Behavior\ParseTemplateBehavior [ RunTime:0.145491s ]
INFO: [ view_parse ] --END-- [ RunTime:0.147132s ]
INFO: [ view_filter ] --START--
INFO: Run Behavior\WriteHtmlCacheBehavior [ RunTime:0.001406s ]
INFO: [ view_filter ] --END-- [ RunTime:0.003037s ]
INFO: [ app_end ] --START--
INFO: Run Behavior\ShowPageTraceBehavior [ RunTime:0.046340s ]
INFO: [ app_end ] --END-- [ RunTime:0.056042s ]

[ 2018-04-19T09:30:39+08:00 ] 127.0.0.1 /index.php/Home/Register/yanzhengma.html
INFO: [ app_init ] --START--
INFO: Run Behavior\BuildLiteBehavior [ RunTime:0.000333s ]
INFO: [ app_init ] --END-- [ RunTime:0.002643s ]
INFO: [ app_begin ] --START--
INFO: Run Behavior\ReadHtmlCacheBehavior [ RunTime:0.001684s ]
INFO: Run Behavior\CheckLangBehavior [ RunTime:0.008803s ]
INFO: [ app_begin ] --END-- [ RunTime:0.013076s ]
INFO: [ app_end ] --START--
INFO: Run Behavior\ShowPageTraceBehavior [ RunTime:0.001582s ]
INFO: [ app_end ] --END-- [ RunTime:0.003655s ]

[ 2018-04-19T09:30:40+08:00 ] 127.0.0.1 /index.php/Home/Register/yanzhengma.html
INFO: [ app_init ] --START--
INFO: Run Behavior\BuildLiteBehavior [ RunTime:0.000300s ]
INFO: [ app_init ] --END-- [ RunTime:0.002537s ]
INFO: [ app_begin ] --START--
INFO: Run Behavior\ReadHtmlCacheBehavior [ RunTime:0.001639s ]
INFO: Run Behavior\CheckLangBehavior [ RunTime:0.006899s ]
INFO: [ app_begin ] --END-- [ RunTime:0.014799s ]
INFO: [ app_end ] --START--
INFO: Run Behavior\ShowPageTraceBehavior [ RunTime:0.001573s ]
INFO: [ app_end ] --END-- [ RunTime:0.003719s ]

[ 2018-04-19T09:58:10+08:00 ] 127.0.0.1 /index.php/home/login/index.html
INFO: [ app_init ] --START--
INFO: Run Behavior\BuildLiteBehavior [ RunTime:0.000958s ]
INFO: [ app_init ] --END-- [ RunTime:0.004041s ]
INFO: [ app_begin ] --START--
INFO: Run Behavior\ReadHtmlCacheBehavior [ RunTime:0.002969s ]
INFO: Run Behavior\CheckLangBehavior [ RunTime:0.008998s ]
INFO: [ app_begin ] --END-- [ RunTime:0.016342s ]
INFO: [ view_parse ] --START--
INFO: [ template_filter ] --START--
INFO: Run Behavior\ContentReplaceBehavior [ RunTime:0.002039s ]
INFO: [ template_filter ] --END-- [ RunTime:0.005091s ]
NOTIC: [8] Undefined index: name F:\phpstudy\WWW\du\Application\Runtime\Cache\Home\5b6adcb62ad2b5dfc2abc2cd5e11dc99.php 第 73 行.
NOTIC: [8] Undefined index: name F:\phpstudy\WWW\du\Application\Runtime\Cache\Home\5b6adcb62ad2b5dfc2abc2cd5e11dc99.php 第 124 行.
INFO: Run Behavior\ParseTemplateBehavior [ RunTime:0.245953s ]
INFO: [ view_parse ] --END-- [ RunTime:0.248254s ]
INFO: [ view_filter ] --START--
INFO: Run Behavior\WriteHtmlCacheBehavior [ RunTime:0.001440s ]
INFO: [ view_filter ] --END-- [ RunTime:0.003155s ]
INFO: [ app_end ] --START--
INFO: Run Behavior\ShowPageTraceBehavior [ RunTime:0.003636s ]
INFO: [ app_end ] --END-- [ RunTime:0.006618s ]

[ 2018-04-19T09:58:11+08:00 ] 127.0.0.1 /index.php/Home/Register/yanzhengma.html
INFO: [ app_init ] --START--
INFO: Run Behavior\BuildLiteBehavior [ RunTime:0.000354s ]
INFO: [ app_init ] --END-- [ RunTime:0.003786s ]
INFO: [ app_begin ] --START--
INFO: Run Behavior\ReadHtmlCacheBehavior [ RunTime:0.001510s ]
INFO: Run Behavior\CheckLangBehavior [ RunTime:0.012137s ]
INFO: [ app_begin ] --END-- [ RunTime:0.016326s ]
INFO: [ app_end ] --START--
INFO: Run Behavior\ShowPageTraceBehavior [ RunTime:0.001561s ]
INFO: [ app_end ] --END-- [ RunTime:0.003260s ]

