[ 2018-04-17T14:34:48+08:00 ] 127.0.0.1 /index.php/admin/login/index.html
INFO: [ app_init ] --START--
INFO: Run Behavior\BuildLiteBehavior [ RunTime:0.000969s ]
INFO: [ app_init ] --END-- [ RunTime:0.007162s ]
INFO: [ app_begin ] --START--
INFO: Run Behavior\ReadHtmlCacheBehavior [ RunTime:0.002129s ]
INFO: Run Behavior\CheckLangBehavior [ RunTime:0.014194s ]
INFO: [ app_begin ] --END-- [ RunTime:0.021363s ]
INFO: [ view_parse ] --START--
INFO: [ template_filter ] --START--
INFO: Run Behavior\ContentReplaceBehavior [ RunTime:0.001462s ]
INFO: [ template_filter ] --END-- [ RunTime:0.004494s ]
INFO: Run Behavior\ParseTemplateBehavior [ RunTime:0.192350s ]
INFO: [ view_parse ] --END-- [ RunTime:0.199854s ]
INFO: [ view_filter ] --START--
INFO: Run Behavior\WriteHtmlCacheBehavior [ RunTime:0.002406s ]
INFO: [ view_filter ] --END-- [ RunTime:0.005876s ]
INFO: [ app_end ] --START--
INFO: Run Behavior\ShowPageTraceBehavior [ RunTime:0.005554s ]
INFO: [ app_end ] --END-- [ RunTime:0.016037s ]

[ 2018-04-17T14:34:49+08:00 ] 127.0.0.1 /index.php/admin/login/lib/jquery/1.9.1/jquery.min.js
INFO: [ app_init ] --START--
INFO: Run Behavior\BuildLiteBehavior [ RunTime:0.000625s ]
INFO: [ app_init ] --END-- [ RunTime:0.008274s ]
INFO: [ app_begin ] --START--
INFO: Run Behavior\ReadHtmlCacheBehavior [ RunTime:0.001709s ]
INFO: Run Behavior\CheckLangBehavior [ RunTime:0.012089s ]
INFO: [ app_begin ] --END-- [ RunTime:0.020548s ]
ERR: 非法操作:lib

[ 2018-04-17T14:34:50+08:00 ] 127.0.0.1 /index.php/admin/login/static/h-ui/js/H-ui.min.js
INFO: [ app_init ] --START--
INFO: Run Behavior\BuildLiteBehavior [ RunTime:0.000325s ]
INFO: [ app_init ] --END-- [ RunTime:0.003502s ]
INFO: [ app_begin ] --START--
INFO: Run Behavior\ReadHtmlCacheBehavior [ RunTime:0.003251s ]
INFO: Run Behavior\CheckLangBehavior [ RunTime:0.006385s ]
INFO: [ app_begin ] --END-- [ RunTime:0.012675s ]
ERR: 非法操作:static

[ 2018-04-17T14:34:58+08:00 ] 127.0.0.1 /index.php/admin/login/index.html
INFO: [ app_init ] --START--
INFO: Run Behavior\BuildLiteBehavior [ RunTime:0.000267s ]
INFO: [ app_init ] --END-- [ RunTime:0.002440s ]
INFO: [ app_begin ] --START--
INFO: Run Behavior\ReadHtmlCacheBehavior [ RunTime:0.001550s ]
INFO: Run Behavior\CheckLangBehavior [ RunTime:0.007295s ]
INFO: [ app_begin ] --END-- [ RunTime:0.011897s ]
SQL: SHOW COLUMNS FROM `admin` [ RunTime:0.0538s ]
SQL: SELECT * FROM `admin` WHERE `name` = 'admin' AND `pwd` = '21232f297a57a5a743894a0e4a801fc3'  [ RunTime:0.0467s ]
INFO: [ view_parse ] --START--
INFO: [ template_filter ] --START--
INFO: Run Behavior\ContentReplaceBehavior [ RunTime:0.001352s ]
INFO: [ template_filter ] --END-- [ RunTime:0.003977s ]
INFO: Run Behavior\ParseTemplateBehavior [ RunTime:0.042201s ]
INFO: [ view_parse ] --END-- [ RunTime:0.043834s ]
INFO: [ view_filter ] --START--
INFO: Run Behavior\WriteHtmlCacheBehavior [ RunTime:0.001290s ]
INFO: [ view_filter ] --END-- [ RunTime:0.002924s ]

[ 2018-04-17T14:35:00+08:00 ] 127.0.0.1 /index.php/admin/index/index.html
INFO: [ app_init ] --START--
INFO: Run Behavior\BuildLiteBehavior [ RunTime:0.001124s ]
INFO: [ app_init ] --END-- [ RunTime:0.007049s ]
INFO: [ app_begin ] --START--
INFO: Run Behavior\ReadHtmlCacheBehavior [ RunTime:0.001821s ]
INFO: Run Behavior\CheckLangBehavior [ RunTime:0.007416s ]
INFO: [ app_begin ] --END-- [ RunTime:0.013126s ]
INFO: [ view_parse ] --START--
INFO: [ template_filter ] --START--
INFO: Run Behavior\ContentReplaceBehavior [ RunTime:0.002209s ]
INFO: [ template_filter ] --END-- [ RunTime:0.005189s ]
INFO: Run Behavior\ParseTemplateBehavior [ RunTime:0.172268s ]
INFO: [ view_parse ] --END-- [ RunTime:0.174008s ]
INFO: [ view_filter ] --START--
INFO: Run Behavior\WriteHtmlCacheBehavior [ RunTime:0.001490s ]
INFO: [ view_filter ] --END-- [ RunTime:0.004225s ]
INFO: [ app_end ] --START--
INFO: Run Behavior\ShowPageTraceBehavior [ RunTime:0.006543s ]
INFO: [ app_end ] --END-- [ RunTime:0.010076s ]

[ 2018-04-17T14:35:00+08:00 ] 127.0.0.1 /index.php/admin/index/welcome.html
INFO: [ app_init ] --START--
INFO: Run Behavior\BuildLiteBehavior [ RunTime:0.000559s ]
INFO: [ app_init ] --END-- [ RunTime:0.004379s ]
INFO: [ app_begin ] --START--
INFO: Run Behavior\ReadHtmlCacheBehavior [ RunTime:0.001894s ]
INFO: Run Behavior\CheckLangBehavior [ RunTime:0.011918s ]
INFO: [ app_begin ] --END-- [ RunTime:0.019252s ]
INFO: [ view_parse ] --START--
INFO: [ template_filter ] --START--
INFO: Run Behavior\ContentReplaceBehavior [ RunTime:0.000931s ]
INFO: [ template_filter ] --END-- [ RunTime:0.002587s ]
INFO: Run Behavior\ParseTemplateBehavior [ RunTime:0.140331s ]
INFO: [ view_parse ] --END-- [ RunTime:0.144228s ]
INFO: [ view_filter ] --START--
INFO: Run Behavior\WriteHtmlCacheBehavior [ RunTime:0.001469s ]
INFO: [ view_filter ] --END-- [ RunTime:0.003139s ]
INFO: [ app_end ] --START--
INFO: Run Behavior\ShowPageTraceBehavior [ RunTime:0.002487s ]
INFO: [ app_end ] --END-- [ RunTime:0.005392s ]

[ 2018-04-17T14:35:02+08:00 ] 127.0.0.1 /index.php/admin/fabu/index.html
INFO: [ app_init ] --START--
INFO: Run Behavior\BuildLiteBehavior [ RunTime:0.000309s ]
INFO: [ app_init ] --END-- [ RunTime:0.002549s ]
INFO: [ app_begin ] --START--
INFO: Run Behavior\ReadHtmlCacheBehavior [ RunTime:0.001608s ]
INFO: Run Behavior\CheckLangBehavior [ RunTime:0.008445s ]
INFO: [ app_begin ] --END-- [ RunTime:0.014813s ]
SQL: SHOW COLUMNS FROM `book` [ RunTime:0.0515s ]
SQL: SELECT * FROM `book`  [ RunTime:0.0466s ]
INFO: [ view_parse ] --START--
INFO: [ template_filter ] --START--
INFO: Run Behavior\ContentReplaceBehavior [ RunTime:0.000931s ]
INFO: [ template_filter ] --END-- [ RunTime:0.003567s ]
INFO: Run Behavior\ParseTemplateBehavior [ RunTime:0.096720s ]
INFO: [ view_parse ] --END-- [ RunTime:0.098455s ]
INFO: [ view_filter ] --START--
INFO: Run Behavior\WriteHtmlCacheBehavior [ RunTime:0.001312s ]
INFO: [ view_filter ] --END-- [ RunTime:0.002981s ]
INFO: [ app_end ] --START--
INFO: Run Behavior\ShowPageTraceBehavior [ RunTime:0.008651s ]
INFO: [ app_end ] --END-- [ RunTime:0.014093s ]

[ 2018-04-17T14:35:14+08:00 ] 127.0.0.1 /index.php/admin/fabu/edit/id/1.html
INFO: [ app_init ] --START--
INFO: Run Behavior\BuildLiteBehavior [ RunTime:0.000524s ]
INFO: [ app_init ] --END-- [ RunTime:0.006756s ]
INFO: [ app_begin ] --START--
INFO: Run Behavior\ReadHtmlCacheBehavior [ RunTime:0.001797s ]
INFO: Run Behavior\CheckLangBehavior [ RunTime:0.012281s ]
INFO: [ app_begin ] --END-- [ RunTime:0.017639s ]
SQL: SHOW COLUMNS FROM `book` [ RunTime:0.0497s ]
SQL: SELECT * FROM `book` WHERE `id` = 1 LIMIT 1   [ RunTime:0.0451s ]
INFO: [ view_parse ] --START--
INFO: [ template_filter ] --START--
INFO: Run Behavior\ContentReplaceBehavior [ RunTime:0.001921s ]
INFO: [ template_filter ] --END-- [ RunTime:0.005949s ]
INFO: Run Behavior\ParseTemplateBehavior [ RunTime:0.111119s ]
INFO: [ view_parse ] --END-- [ RunTime:0.113645s ]
INFO: [ view_filter ] --START--
INFO: Run Behavior\WriteHtmlCacheBehavior [ RunTime:0.001400s ]
INFO: [ view_filter ] --END-- [ RunTime:0.003364s ]
INFO: [ app_end ] --START--
INFO: Run Behavior\ShowPageTraceBehavior [ RunTime:0.006539s ]
INFO: [ app_end ] --END-- [ RunTime:0.011134s ]

[ 2018-04-17T14:35:25+08:00 ] 127.0.0.1 /index.php/admin/upload/index.html
INFO: [ app_init ] --START--
INFO: Run Behavior\BuildLiteBehavior [ RunTime:0.000334s ]
INFO: [ app_init ] --END-- [ RunTime:0.003034s ]
INFO: [ app_begin ] --START--
INFO: Run Behavior\ReadHtmlCacheBehavior [ RunTime:0.001741s ]
INFO: Run Behavior\CheckLangBehavior [ RunTime:0.006189s ]
INFO: [ app_begin ] --END-- [ RunTime:0.010642s ]
SQL: SHOW COLUMNS FROM `upload` [ RunTime:0.0524s ]
SQL: SELECT * FROM `upload` LIMIT 1   [ RunTime:0.0481s ]
INFO: [ view_parse ] --START--
INFO: [ template_filter ] --START--
INFO: Run Behavior\ContentReplaceBehavior [ RunTime:0.000976s ]
INFO: [ template_filter ] --END-- [ RunTime:0.002656s ]
NOTIC: [8] Undefined variable: v F:\phpstudy\WWW\du\Application\Runtime\Cache\Admin\57338fdf56f4aa5254bb767d603b91ba.php 第 50 行.
NOTIC: [8] Undefined index: sm F:\phpstudy\WWW\du\Application\Runtime\Cache\Admin\57338fdf56f4aa5254bb767d603b91ba.php 第 57 行.
NOTIC: [8] Undefined variable: v F:\phpstudy\WWW\du\Application\Runtime\Cache\Admin\57338fdf56f4aa5254bb767d603b91ba.php 第 60 行.
NOTIC: [8] Undefined variable: v F:\phpstudy\WWW\du\Application\Runtime\Cache\Admin\57338fdf56f4aa5254bb767d603b91ba.php 第 69 行.
NOTIC: [8] Undefined variable: v F:\phpstudy\WWW\du\Application\Runtime\Cache\Admin\57338fdf56f4aa5254bb767d603b91ba.php 第 79 行.
NOTIC: [8] Undefined variable: v F:\phpstudy\WWW\du\Application\Runtime\Cache\Admin\57338fdf56f4aa5254bb767d603b91ba.php 第 80 行.
INFO: Run Behavior\ParseTemplateBehavior [ RunTime:0.130956s ]
INFO: [ view_parse ] --END-- [ RunTime:0.134273s ]
INFO: [ view_filter ] --START--
INFO: Run Behavior\WriteHtmlCacheBehavior [ RunTime:0.002347s ]
INFO: [ view_filter ] --END-- [ RunTime:0.003972s ]
INFO: [ app_end ] --START--
INFO: Run Behavior\ShowPageTraceBehavior [ RunTime:0.001782s ]
INFO: [ app_end ] --END-- [ RunTime:0.003501s ]

