[ 2018-04-18T15:03:19+08:00 ] 127.0.0.1 /index.php/admin/index/index.html
INFO: [ app_init ] --START--
INFO: Run Behavior\BuildLiteBehavior [ RunTime:0.000500s ]
INFO: [ app_init ] --END-- [ RunTime:0.005037s ]
INFO: [ app_begin ] --START--
INFO: Run Behavior\ReadHtmlCacheBehavior [ RunTime:0.002507s ]
INFO: Run Behavior\CheckLangBehavior [ RunTime:0.039851s ]
INFO: [ app_begin ] --END-- [ RunTime:0.048469s ]
INFO: [ view_parse ] --START--
INFO: [ template_filter ] --START--
INFO: Run Behavior\ContentReplaceBehavior [ RunTime:0.001857s ]
INFO: [ template_filter ] --END-- [ RunTime:0.004755s ]
INFO: Run Behavior\ParseTemplateBehavior [ RunTime:0.350860s ]
INFO: [ view_parse ] --END-- [ RunTime:0.353436s ]
INFO: [ view_filter ] --START--
INFO: Run Behavior\WriteHtmlCacheBehavior [ RunTime:0.001767s ]
INFO: [ view_filter ] --END-- [ RunTime:0.004293s ]
INFO: [ app_end ] --START--
INFO: Run Behavior\ShowPageTraceBehavior [ RunTime:0.003832s ]
INFO: [ app_end ] --END-- [ RunTime:0.007201s ]

[ 2018-04-18T15:03:20+08:00 ] 127.0.0.1 /index.php/admin/index/welcome.html
INFO: [ app_init ] --START--
INFO: Run Behavior\BuildLiteBehavior [ RunTime:0.000285s ]
INFO: [ app_init ] --END-- [ RunTime:0.002674s ]
INFO: [ app_begin ] --START--
INFO: Run Behavior\ReadHtmlCacheBehavior [ RunTime:0.001799s ]
INFO: Run Behavior\CheckLangBehavior [ RunTime:0.006780s ]
INFO: [ app_begin ] --END-- [ RunTime:0.012016s ]
INFO: [ view_parse ] --START--
INFO: [ template_filter ] --START--
INFO: Run Behavior\ContentReplaceBehavior [ RunTime:0.000956s ]
INFO: [ template_filter ] --END-- [ RunTime:0.002792s ]
INFO: Run Behavior\ParseTemplateBehavior [ RunTime:0.157020s ]
INFO: [ view_parse ] --END-- [ RunTime:0.159103s ]
INFO: [ view_filter ] --START--
INFO: Run Behavior\WriteHtmlCacheBehavior [ RunTime:0.001524s ]
INFO: [ view_filter ] --END-- [ RunTime:0.004125s ]
INFO: [ app_end ] --START--
INFO: Run Behavior\ShowPageTraceBehavior [ RunTime:0.002349s ]
INFO: [ app_end ] --END-- [ RunTime:0.005230s ]

[ 2018-04-18T15:03:32+08:00 ] 127.0.0.1 /index.php/admin/fabu/index.html
INFO: [ app_init ] --START--
INFO: Run Behavior\BuildLiteBehavior [ RunTime:0.000690s ]
INFO: [ app_init ] --END-- [ RunTime:0.007499s ]
INFO: [ app_begin ] --START--
INFO: Run Behavior\ReadHtmlCacheBehavior [ RunTime:0.003817s ]
INFO: Run Behavior\CheckLangBehavior [ RunTime:0.007258s ]
INFO: [ app_begin ] --END-- [ RunTime:0.015504s ]
SQL: SHOW COLUMNS FROM `book` [ RunTime:0.0496s ]
SQL: SELECT * FROM `book`  [ RunTime:0.0447s ]
INFO: [ view_parse ] --START--
INFO: [ template_filter ] --START--
INFO: Run Behavior\ContentReplaceBehavior [ RunTime:0.001139s ]
INFO: [ template_filter ] --END-- [ RunTime:0.003500s ]
INFO: Run Behavior\ParseTemplateBehavior [ RunTime:0.202010s ]
INFO: [ view_parse ] --END-- [ RunTime:0.207204s ]
INFO: [ view_filter ] --START--
INFO: Run Behavior\WriteHtmlCacheBehavior [ RunTime:0.001917s ]
INFO: [ view_filter ] --END-- [ RunTime:0.004756s ]
INFO: [ app_end ] --START--
INFO: Run Behavior\ShowPageTraceBehavior [ RunTime:0.010722s ]
INFO: [ app_end ] --END-- [ RunTime:0.015822s ]

[ 2018-04-18T15:03:35+08:00 ] 127.0.0.1 /index.php/admin/fabu/edit/id/7.html
INFO: [ app_init ] --START--
INFO: Run Behavior\BuildLiteBehavior [ RunTime:0.000528s ]
INFO: [ app_init ] --END-- [ RunTime:0.003502s ]
INFO: [ app_begin ] --START--
INFO: Run Behavior\ReadHtmlCacheBehavior [ RunTime:0.001731s ]
INFO: Run Behavior\CheckLangBehavior [ RunTime:0.007239s ]
INFO: [ app_begin ] --END-- [ RunTime:0.011337s ]
SQL: SHOW COLUMNS FROM `book` [ RunTime:0.0527s ]
SQL: SELECT * FROM `book` WHERE `id` = 7 LIMIT 1   [ RunTime:0.0458s ]
INFO: [ view_parse ] --START--
INFO: [ template_filter ] --START--
INFO: Run Behavior\ContentReplaceBehavior [ RunTime:0.000999s ]
INFO: [ template_filter ] --END-- [ RunTime:0.002654s ]
INFO: Run Behavior\ParseTemplateBehavior [ RunTime:0.110043s ]
INFO: [ view_parse ] --END-- [ RunTime:0.112193s ]
INFO: [ view_filter ] --START--
INFO: Run Behavior\WriteHtmlCacheBehavior [ RunTime:0.001469s ]
INFO: [ view_filter ] --END-- [ RunTime:0.003271s ]
INFO: [ app_end ] --START--
INFO: Run Behavior\ShowPageTraceBehavior [ RunTime:0.002383s ]
INFO: [ app_end ] --END-- [ RunTime:0.005582s ]

